This file contains any messages produced by compilers while
running configure, to aid debugging if configure makes a mistake.

It was created by kvazaar configure 2.3.1, which was
generated by GNU Autoconf 2.71.  Invocation command line was

  $ /home/jovasa/kvazaar/configure

## --------- ##
## Platform. ##
## --------- ##

hostname = ubuntu
uname -m = x86_64
uname -r = 6.5.0-25-generic
uname -s = Linux
uname -v = #25~22.04.1-Ubuntu SMP PREEMPT_DYNAMIC Tue Feb 20 16:09:15 UTC 2

/usr/bin/uname -p = x86_64
/bin/uname -X     = unknown

/bin/arch              = x86_64
/usr/bin/arch -k       = unknown
/usr/convex/getsysinfo = unknown
/usr/bin/hostinfo      = unknown
/bin/machine           = unknown
/usr/bin/oslevel       = unknown
/bin/universe          = unknown

PATH: /home/jovasa/.cargo/bin/
PATH: /home/jovasa/.local/bin/
PATH: /usr/local/sbin/
PATH: /usr/local/bin/
PATH: /usr/sbin/
PATH: /usr/bin/
PATH: /sbin/
PATH: /bin/
PATH: /usr/games/
PATH: /usr/local/games/
PATH: /snap/bin/
PATH: /snap/bin/
PATH: /snap/clion/265/bin/ninja/linux/x64/


## ----------- ##
## Core tests. ##
## ----------- ##

configure:2798: looking for aux files: config.guess config.sub ltmain.sh ar-lib compile missing install-sh
configure:2811:  trying /home/jovasa/kvazaar/build-aux/
configure:2840:   /home/jovasa/kvazaar/build-aux/config.guess found
configure:2840:   /home/jovasa/kvazaar/build-aux/config.sub found
configure:2840:   /home/jovasa/kvazaar/build-aux/ltmain.sh found
configure:2840:   /home/jovasa/kvazaar/build-aux/ar-lib found
configure:2840:   /home/jovasa/kvazaar/build-aux/compile found
configure:2840:   /home/jovasa/kvazaar/build-aux/missing found
configure:2822:   /home/jovasa/kvazaar/build-aux/install-sh found
configure:3002: checking for a BSD-compatible install
configure:3075: result: /usr/bin/install -c
configure:3086: checking whether build environment is sane
configure:3141: result: yes
configure:3300: checking for a race-free mkdir -p
configure:3344: result: /usr/bin/mkdir -p
configure:3351: checking for gawk
configure:3386: result: no
configure:3351: checking for mawk
configure:3372: found /usr/bin/mawk
configure:3383: result: mawk
configure:3394: checking whether make sets $(MAKE)
configure:3417: result: yes
configure:3447: checking whether make supports nested variables
configure:3465: result: yes
configure:3482: error: source directory already configured; run "make distclean" there first

## ---------------- ##
## Cache variables. ##
## ---------------- ##

ac_cv_env_ASFLAGS_set=
ac_cv_env_ASFLAGS_value=
ac_cv_env_CCC_set=
ac_cv_env_CCC_value=
ac_cv_env_CC_set=
ac_cv_env_CC_value=
ac_cv_env_CFLAGS_set=
ac_cv_env_CFLAGS_value=
ac_cv_env_CPPFLAGS_set=
ac_cv_env_CPPFLAGS_value=
ac_cv_env_CPP_set=
ac_cv_env_CPP_value=
ac_cv_env_CXXCPP_set=
ac_cv_env_CXXCPP_value=
ac_cv_env_CXXFLAGS_set=
ac_cv_env_CXXFLAGS_value=
ac_cv_env_CXX_set=
ac_cv_env_CXX_value=
ac_cv_env_LDFLAGS_set=
ac_cv_env_LDFLAGS_value=
ac_cv_env_LIBS_set=
ac_cv_env_LIBS_value=
ac_cv_env_LT_SYS_LIBRARY_PATH_set=
ac_cv_env_LT_SYS_LIBRARY_PATH_value=
ac_cv_env_PKG_CONFIG_LIBDIR_set=
ac_cv_env_PKG_CONFIG_LIBDIR_value=
ac_cv_env_PKG_CONFIG_PATH_set=
ac_cv_env_PKG_CONFIG_PATH_value=
ac_cv_env_PKG_CONFIG_set=
ac_cv_env_PKG_CONFIG_value=
ac_cv_env_build_alias_set=
ac_cv_env_build_alias_value=
ac_cv_env_cryptopp_CFLAGS_set=
ac_cv_env_cryptopp_CFLAGS_value=
ac_cv_env_cryptopp_LIBS_set=
ac_cv_env_cryptopp_LIBS_value=
ac_cv_env_host_alias_set=
ac_cv_env_host_alias_value=
ac_cv_env_target_alias_set=
ac_cv_env_target_alias_value=
ac_cv_path_install='/usr/bin/install -c'
ac_cv_path_mkdir=/usr/bin/mkdir
ac_cv_prog_AWK=mawk
ac_cv_prog_make_make_set=yes
am_cv_make_support_nested_variables=yes

## ----------------- ##
## Output variables. ##
## ----------------- ##

ACLOCAL=''
AMDEPBACKSLASH=''
AMDEP_FALSE=''
AMDEP_TRUE=''
AMTAR=''
AM_BACKSLASH='\'
AM_DEFAULT_V='$(AM_DEFAULT_VERBOSITY)'
AM_DEFAULT_VERBOSITY='1'
AM_V='$(V)'
AR=''
AS=''
ASFLAGS=''
AUTOCONF=''
AUTOHEADER=''
AUTOMAKE=''
AWK='mawk'
CC=''
CCDEPMODE=''
CFLAGS=''
CPP=''
CPPFLAGS=''
CSCOPE=''
CTAGS=''
CXX=''
CXXCPP=''
CXXDEPMODE=''
CXXFLAGS=''
CYGPATH_W=''
DEFS=''
DEPDIR=''
DLLTOOL=''
DSYMUTIL=''
DUMPBIN=''
ECHO_C=''
ECHO_N='-n'
ECHO_T=''
EGREP=''
ETAGS=''
EXEEXT=''
FGREP=''
GREP=''
HAVE_ALTIVEC_FALSE=''
HAVE_ALTIVEC_TRUE=''
HAVE_ARM_FALSE=''
HAVE_ARM_TRUE=''
HAVE_AVX2_CLANG_FALSE=''
HAVE_AVX2_CLANG_TRUE=''
HAVE_AVX2_GCC_FALSE=''
HAVE_AVX2_GCC_TRUE=''
HAVE_PPC_FALSE=''
HAVE_PPC_TRUE=''
HAVE_SSE2_FALSE=''
HAVE_SSE2_TRUE=''
HAVE_SSE4_1_FALSE=''
HAVE_SSE4_1_TRUE=''
HAVE_X86_FALSE=''
HAVE_X86_TRUE=''
INSTALL_DATA='${INSTALL} -m 644'
INSTALL_PROGRAM='${INSTALL}'
INSTALL_SCRIPT='${INSTALL}'
INSTALL_STRIP_PROGRAM='$(install_sh) -c -s'
KVZ_API_VERSION=''
LD=''
LDFLAGS=''
LIBOBJS=''
LIBS=''
LIBTOOL=''
LIPO=''
LN_S=''
LTLIBOBJS=''
LT_SYS_LIBRARY_PATH=''
MAKEINFO=''
MANIFEST_TOOL=''
MKDIR_P='/usr/bin/mkdir -p'
NM=''
NMEDIT=''
OBJDUMP=''
OBJEXT=''
OTOOL64=''
OTOOL=''
PACKAGE=''
PACKAGE_BUGREPORT=''
PACKAGE_NAME='kvazaar'
PACKAGE_STRING='kvazaar 2.3.1'
PACKAGE_TARNAME='kvazaar'
PACKAGE_URL=''
PACKAGE_VERSION='2.3.1'
PATH_SEPARATOR=':'
PKG_CONFIG=''
PKG_CONFIG_LIBDIR=''
PKG_CONFIG_PATH=''
PTHREAD_CC=''
PTHREAD_CFLAGS=''
PTHREAD_LIBS=''
RANLIB=''
SED=''
SET_MAKE=''
SHELL='/bin/bash'
STRIP=''
USE_CRYPTOPP_FALSE=''
USE_CRYPTOPP_TRUE=''
VERSION=''
ac_ct_AR=''
ac_ct_CC=''
ac_ct_CXX=''
ac_ct_DUMPBIN=''
am__EXEEXT_FALSE=''
am__EXEEXT_TRUE=''
am__fastdepCC_FALSE=''
am__fastdepCC_TRUE=''
am__fastdepCXX_FALSE=''
am__fastdepCXX_TRUE=''
am__include=''
am__isrc=' -I$(srcdir)'
am__leading_dot='.'
am__nodep=''
am__quote=''
am__tar=''
am__untar=''
ax_pthread_config=''
bindir='${exec_prefix}/bin'
build=''
build_alias=''
build_cpu=''
build_os=''
build_vendor=''
cryptopp_CFLAGS=''
cryptopp_LIBS=''
datadir='${datarootdir}'
datarootdir='${prefix}/share'
docdir='${datarootdir}/doc/${PACKAGE_TARNAME}'
dvidir='${docdir}'
exec_prefix='NONE'
host=''
host_alias=''
host_cpu=''
host_os=''
host_vendor=''
htmldir='${docdir}'
includedir='${prefix}/include'
infodir='${datarootdir}/info'
install_sh='${SHELL} /home/jovasa/kvazaar/build-aux/install-sh'
libdir='${exec_prefix}/lib'
libexecdir='${exec_prefix}/libexec'
localedir='${datarootdir}/locale'
localstatedir='${prefix}/var'
mandir='${datarootdir}/man'
mkdir_p=''
oldincludedir='/usr/include'
pdfdir='${docdir}'
prefix='NONE'
program_transform_name='s,x,x,'
psdir='${docdir}'
runstatedir='${localstatedir}/run'
sbindir='${exec_prefix}/sbin'
sharedstatedir='${prefix}/com'
sysconfdir='${prefix}/etc'
target_alias=''

## ----------- ##
## confdefs.h. ##
## ----------- ##

/* confdefs.h */
#define PACKAGE_NAME "kvazaar"
#define PACKAGE_TARNAME "kvazaar"
#define PACKAGE_VERSION "2.3.1"
#define PACKAGE_STRING "kvazaar 2.3.1"
#define PACKAGE_BUGREPORT ""
#define PACKAGE_URL ""

configure: exit 1
